c:\users\user\desktop\beacon\agent_beacon -base - copy\src_beacon\beacon\x64\release dll\vc143.pdb
c:\users\user\desktop\beacon\agent_beacon -base - copy\src_beacon\beacon\x64\release dll\packer.obj
c:\users\user\desktop\beacon\agent_beacon -base - copy\src_beacon\beacon\x64\release dll\memorysaver.obj
c:\users\user\desktop\beacon\agent_beacon -base - copy\src_beacon\beacon\x64\release dll\mainagent.obj
c:\users\user\desktop\beacon\agent_beacon -base - copy\src_beacon\beacon\x64\release dll\main.obj
c:\users\user\desktop\beacon\agent_beacon -base - copy\src_beacon\beacon\x64\release dll\jobscontroller.obj
c:\users\user\desktop\beacon\agent_beacon -base - copy\src_beacon\beacon\x64\release dll\encoders.obj
c:\users\user\desktop\beacon\agent_beacon -base - copy\src_beacon\beacon\x64\release dll\downloader.obj
c:\users\user\desktop\beacon\agent_beacon -base - copy\src_beacon\beacon\x64\release dll\crypt.obj
c:\users\user\desktop\beacon\agent_beacon -base - copy\src_beacon\beacon\x64\release dll\connectorws.obj
c:\users\user\desktop\beacon\agent_beacon -base - copy\src_beacon\beacon\x64\release dll\connectortcp.obj
c:\users\user\desktop\beacon\agent_beacon -base - copy\src_beacon\beacon\x64\release dll\connectorsmb.obj
c:\users\user\desktop\beacon\agent_beacon -base - copy\src_beacon\beacon\x64\release dll\connectorhttp.obj
c:\users\user\desktop\beacon\agent_beacon -base - copy\src_beacon\beacon\x64\release dll\config.obj
c:\users\user\desktop\beacon\agent_beacon -base - copy\src_beacon\beacon\x64\release dll\commander.obj
c:\users\user\desktop\beacon\agent_beacon -base - copy\src_beacon\beacon\x64\release dll\boffer.obj
c:\users\user\desktop\beacon\agent_beacon -base - copy\src_beacon\beacon\x64\release dll\beacon_functions.obj
c:\users\user\desktop\beacon\agent_beacon -base - copy\src_beacon\beacon\x64\release dll\apiloader.obj
c:\users\user\desktop\beacon\agent_beacon -base - copy\src_beacon\beacon\x64\release dll\agentinfo.obj
c:\users\user\desktop\beacon\agent_beacon -base - copy\src_beacon\beacon\x64\release dll\agentconfig.obj
c:\users\user\desktop\beacon\agent_beacon -base - copy\src_beacon\beacon\x64\release dll\agent.obj
c:\users\user\desktop\beacon\agent_beacon -base - copy\src_beacon\beacon\x64\release dll\waitmask.obj
c:\users\user\desktop\beacon\agent_beacon -base - copy\src_beacon\beacon\x64\release dll\utils.obj
c:\users\user\desktop\beacon\agent_beacon -base - copy\src_beacon\beacon\x64\release dll\std.obj
c:\users\user\desktop\beacon\agent_beacon -base - copy\src_beacon\beacon\x64\release dll\proxyfire.obj
c:\users\user\desktop\beacon\agent_beacon -base - copy\src_beacon\beacon\x64\release dll\procloader.obj
c:\users\user\desktop\beacon\agent_beacon -base - copy\src_beacon\beacon\x64\release dll\pivotter.obj
c:\users\user\desktop\beacon\agent_beacon -base - copy\src_beacon\x64\release dll\beacon.dll
c:\users\user\desktop\beacon\agent_beacon -base - copy\src_beacon\x64\release dll\beacon.lib
c:\users\user\desktop\beacon\agent_beacon -base - copy\src_beacon\x64\release dll\beacon.exp
c:\users\user\desktop\beacon\agent_beacon -base - copy\src_beacon\beacon\x64\release dll\beacon.tlog\cl.command.1.tlog
c:\users\user\desktop\beacon\agent_beacon -base - copy\src_beacon\beacon\x64\release dll\beacon.tlog\cl.items.tlog
c:\users\user\desktop\beacon\agent_beacon -base - copy\src_beacon\beacon\x64\release dll\beacon.tlog\cl.read.1.tlog
c:\users\user\desktop\beacon\agent_beacon -base - copy\src_beacon\beacon\x64\release dll\beacon.tlog\cl.write.1.tlog
c:\users\user\desktop\beacon\agent_beacon -base - copy\src_beacon\beacon\x64\release dll\beacon.tlog\link.command.1.tlog
c:\users\user\desktop\beacon\agent_beacon -base - copy\src_beacon\beacon\x64\release dll\beacon.tlog\link.read.1.tlog
c:\users\user\desktop\beacon\agent_beacon -base - copy\src_beacon\beacon\x64\release dll\beacon.tlog\link.secondary.1.tlog
c:\users\user\desktop\beacon\agent_beacon -base - copy\src_beacon\beacon\x64\release dll\beacon.tlog\link.write.1.tlog
