c:\users\user\desktop\beacon\agent_beacon -base - copy\src_beacon\beacon\x64\release exe\vc143.pdb
c:\users\user\desktop\beacon\agent_beacon -base - copy\src_beacon\beacon\x64\release exe\vc143.idb
c:\users\user\desktop\beacon\agent_beacon -base - copy\src_beacon\beacon\x64\release exe\packer.obj
c:\users\user\desktop\beacon\agent_beacon -base - copy\src_beacon\beacon\x64\release exe\memorysaver.obj
c:\users\user\desktop\beacon\agent_beacon -base - copy\src_beacon\beacon\x64\release exe\mainagent.obj
c:\users\user\desktop\beacon\agent_beacon -base - copy\src_beacon\beacon\x64\release exe\jobscontroller.obj
c:\users\user\desktop\beacon\agent_beacon -base - copy\src_beacon\beacon\x64\release exe\encoders.obj
c:\users\user\desktop\beacon\agent_beacon -base - copy\src_beacon\beacon\x64\release exe\downloader.obj
c:\users\user\desktop\beacon\agent_beacon -base - copy\src_beacon\beacon\x64\release exe\crypt.obj
c:\users\user\desktop\beacon\agent_beacon -base - copy\src_beacon\beacon\x64\release exe\connectorws.obj
c:\users\user\desktop\beacon\agent_beacon -base - copy\src_beacon\beacon\x64\release exe\connectortcp.obj
c:\users\user\desktop\beacon\agent_beacon -base - copy\src_beacon\beacon\x64\release exe\connectorsmb.obj
c:\users\user\desktop\beacon\agent_beacon -base - copy\src_beacon\beacon\x64\release exe\connectorhttp.obj
c:\users\user\desktop\beacon\agent_beacon -base - copy\src_beacon\beacon\x64\release exe\config.obj
c:\users\user\desktop\beacon\agent_beacon -base - copy\src_beacon\beacon\x64\release exe\commander.obj
c:\users\user\desktop\beacon\agent_beacon -base - copy\src_beacon\beacon\x64\release exe\boffer.obj
c:\users\user\desktop\beacon\agent_beacon -base - copy\src_beacon\beacon\x64\release exe\beacon_functions.obj
c:\users\user\desktop\beacon\agent_beacon -base - copy\src_beacon\beacon\x64\release exe\apiloader.obj
c:\users\user\desktop\beacon\agent_beacon -base - copy\src_beacon\beacon\x64\release exe\agentinfo.obj
c:\users\user\desktop\beacon\agent_beacon -base - copy\src_beacon\beacon\x64\release exe\agent.obj
c:\users\user\desktop\beacon\agent_beacon -base - copy\src_beacon\beacon\x64\release exe\waitmask.obj
c:\users\user\desktop\beacon\agent_beacon -base - copy\src_beacon\beacon\x64\release exe\utils.obj
c:\users\user\desktop\beacon\agent_beacon -base - copy\src_beacon\beacon\x64\release exe\std.obj
c:\users\user\desktop\beacon\agent_beacon -base - copy\src_beacon\beacon\x64\release exe\proxyfire.obj
c:\users\user\desktop\beacon\agent_beacon -base - copy\src_beacon\beacon\x64\release exe\procloader.obj
c:\users\user\desktop\beacon\agent_beacon -base - copy\src_beacon\beacon\x64\release exe\pivotter.obj
c:\users\user\desktop\beacon\agent_beacon -base - copy\src_beacon\beacon\x64\release exe\beacon.tlog\cl.command.1.tlog
c:\users\user\desktop\beacon\agent_beacon -base - copy\src_beacon\beacon\x64\release exe\beacon.tlog\cl.read.1.tlog
c:\users\user\desktop\beacon\agent_beacon -base - copy\src_beacon\beacon\x64\release exe\beacon.tlog\cl.write.1.tlog
