c:\users\user\desktop\beacon\agent_beacon -base - copy\src_beacon\beacon\x64\debugdll\vc143.pdb
c:\users\user\desktop\beacon\agent_beacon -base - copy\src_beacon\beacon\x64\debugdll\packer.obj
c:\users\user\desktop\beacon\agent_beacon -base - copy\src_beacon\beacon\x64\debugdll\memorysaver.obj
c:\users\user\desktop\beacon\agent_beacon -base - copy\src_beacon\beacon\x64\debugdll\mainagent.obj
c:\users\user\desktop\beacon\agent_beacon -base - copy\src_beacon\beacon\x64\debugdll\main.obj
c:\users\user\desktop\beacon\agent_beacon -base - copy\src_beacon\beacon\x64\debugdll\jobscontroller.obj
c:\users\user\desktop\beacon\agent_beacon -base - copy\src_beacon\beacon\x64\debugdll\encoders.obj
c:\users\user\desktop\beacon\agent_beacon -base - copy\src_beacon\beacon\x64\debugdll\downloader.obj
c:\users\user\desktop\beacon\agent_beacon -base - copy\src_beacon\beacon\x64\debugdll\crypt.obj
c:\users\user\desktop\beacon\agent_beacon -base - copy\src_beacon\beacon\x64\debugdll\connectorws.obj
c:\users\user\desktop\beacon\agent_beacon -base - copy\src_beacon\beacon\x64\debugdll\connectortcp.obj
c:\users\user\desktop\beacon\agent_beacon -base - copy\src_beacon\beacon\x64\debugdll\connectorsmb.obj
c:\users\user\desktop\beacon\agent_beacon -base - copy\src_beacon\beacon\x64\debugdll\connectorhttp.obj
c:\users\user\desktop\beacon\agent_beacon -base - copy\src_beacon\beacon\x64\debugdll\config.obj
c:\users\user\desktop\beacon\agent_beacon -base - copy\src_beacon\beacon\x64\debugdll\commander.obj
c:\users\user\desktop\beacon\agent_beacon -base - copy\src_beacon\beacon\x64\debugdll\boffer.obj
c:\users\user\desktop\beacon\agent_beacon -base - copy\src_beacon\beacon\x64\debugdll\beacon_functions.obj
c:\users\user\desktop\beacon\agent_beacon -base - copy\src_beacon\beacon\x64\debugdll\apiloader.obj
c:\users\user\desktop\beacon\agent_beacon -base - copy\src_beacon\beacon\x64\debugdll\agentinfo.obj
c:\users\user\desktop\beacon\agent_beacon -base - copy\src_beacon\beacon\x64\debugdll\agentconfig.obj
c:\users\user\desktop\beacon\agent_beacon -base - copy\src_beacon\beacon\x64\debugdll\agent.obj
c:\users\user\desktop\beacon\agent_beacon -base - copy\src_beacon\beacon\x64\debugdll\waitmask.obj
c:\users\user\desktop\beacon\agent_beacon -base - copy\src_beacon\beacon\x64\debugdll\utils.obj
c:\users\user\desktop\beacon\agent_beacon -base - copy\src_beacon\beacon\x64\debugdll\std.obj
c:\users\user\desktop\beacon\agent_beacon -base - copy\src_beacon\beacon\x64\debugdll\proxyfire.obj
c:\users\user\desktop\beacon\agent_beacon -base - copy\src_beacon\beacon\x64\debugdll\procloader.obj
c:\users\user\desktop\beacon\agent_beacon -base - copy\src_beacon\beacon\x64\debugdll\pivotter.obj
c:\users\user\desktop\beacon\agent_beacon -base - copy\src_beacon\x64\debugdll\beacon.dll
c:\users\user\desktop\beacon\agent_beacon -base - copy\src_beacon\x64\debugdll\beacon.pdb
c:\users\user\desktop\beacon\agent_beacon -base - copy\src_beacon\x64\debugdll\beacon.lib
c:\users\user\desktop\beacon\agent_beacon -base - copy\src_beacon\x64\debugdll\beacon.exp
c:\users\user\desktop\beacon\agent_beacon -base - copy\src_beacon\beacon\x64\debugdll\beacon.ilk
c:\users\user\desktop\beacon\agent_beacon -base - copy\src_beacon\beacon\x64\debugdll\beacon.tlog\cl.command.1.tlog
c:\users\user\desktop\beacon\agent_beacon -base - copy\src_beacon\beacon\x64\debugdll\beacon.tlog\cl.items.tlog
c:\users\user\desktop\beacon\agent_beacon -base - copy\src_beacon\beacon\x64\debugdll\beacon.tlog\cl.read.1.tlog
c:\users\user\desktop\beacon\agent_beacon -base - copy\src_beacon\beacon\x64\debugdll\beacon.tlog\cl.write.1.tlog
c:\users\user\desktop\beacon\agent_beacon -base - copy\src_beacon\beacon\x64\debugdll\beacon.tlog\link.command.1.tlog
c:\users\user\desktop\beacon\agent_beacon -base - copy\src_beacon\beacon\x64\debugdll\beacon.tlog\link.read.1.tlog
c:\users\user\desktop\beacon\agent_beacon -base - copy\src_beacon\beacon\x64\debugdll\beacon.tlog\link.secondary.1.tlog
c:\users\user\desktop\beacon\agent_beacon -base - copy\src_beacon\beacon\x64\debugdll\beacon.tlog\link.write.1.tlog
