c:\users\user\desktop\11111\beacon - copy\beacon\x64\debug exe\vc143.pdb
c:\users\user\desktop\11111\beacon - copy\beacon\x64\debug exe\packer.obj
c:\users\user\desktop\11111\beacon - copy\beacon\x64\debug exe\memorysaver.obj
c:\users\user\desktop\11111\beacon - copy\beacon\x64\debug exe\mainagent.obj
c:\users\user\desktop\11111\beacon - copy\beacon\x64\debug exe\main.obj
c:\users\user\desktop\11111\beacon - copy\beacon\x64\debug exe\jobscontroller.obj
c:\users\user\desktop\11111\beacon - copy\beacon\x64\debug exe\encoders.obj
c:\users\user\desktop\11111\beacon - copy\beacon\x64\debug exe\downloader.obj
c:\users\user\desktop\11111\beacon - copy\beacon\x64\debug exe\crypt.obj
c:\users\user\desktop\11111\beacon - copy\beacon\x64\debug exe\connectorws.obj
c:\users\user\desktop\11111\beacon - copy\beacon\x64\debug exe\connectortcp.obj
c:\users\user\desktop\11111\beacon - copy\beacon\x64\debug exe\connectorsmb.obj
c:\users\user\desktop\11111\beacon - copy\beacon\x64\debug exe\connectorhttp.obj
c:\users\user\desktop\11111\beacon - copy\beacon\x64\debug exe\config.obj
c:\users\user\desktop\11111\beacon - copy\beacon\x64\debug exe\commander.obj
c:\users\user\desktop\11111\beacon - copy\beacon\x64\debug exe\boffer.obj
c:\users\user\desktop\11111\beacon - copy\beacon\x64\debug exe\beacon_functions.obj
c:\users\user\desktop\11111\beacon - copy\beacon\x64\debug exe\apiloader.obj
c:\users\user\desktop\11111\beacon - copy\beacon\x64\debug exe\agentinfo.obj
c:\users\user\desktop\11111\beacon - copy\beacon\x64\debug exe\agentconfig.obj
c:\users\user\desktop\11111\beacon - copy\beacon\x64\debug exe\waitmask.obj
c:\users\user\desktop\11111\beacon - copy\beacon\x64\debug exe\utils.obj
c:\users\user\desktop\11111\beacon - copy\beacon\x64\debug exe\std.obj
c:\users\user\desktop\11111\beacon - copy\beacon\x64\debug exe\proxyfire.obj
c:\users\user\desktop\11111\beacon - copy\beacon\x64\debug exe\procloader.obj
c:\users\user\desktop\11111\beacon - copy\beacon\x64\debug exe\pivotter.obj
c:\users\user\desktop\11111\beacon - copy\beacon\x64\debug exe\agent.obj
c:\users\user\desktop\11111\beacon - copy\x64\debug exe\beacon.exe
c:\users\user\desktop\11111\beacon - copy\x64\debug exe\beacon.pdb
c:\users\user\desktop\11111\beacon - copy\beacon\x64\debug exe\beacon.ilk
c:\users\user\desktop\11111\beacon - copy\beacon\x64\debug exe\beacon.tlog\cl.command.1.tlog
c:\users\user\desktop\11111\beacon - copy\beacon\x64\debug exe\beacon.tlog\cl.items.tlog
c:\users\user\desktop\11111\beacon - copy\beacon\x64\debug exe\beacon.tlog\cl.read.1.tlog
c:\users\user\desktop\11111\beacon - copy\beacon\x64\debug exe\beacon.tlog\cl.write.1.tlog
c:\users\user\desktop\11111\beacon - copy\beacon\x64\debug exe\beacon.tlog\link.command.1.tlog
c:\users\user\desktop\11111\beacon - copy\beacon\x64\debug exe\beacon.tlog\link.read.1.tlog
c:\users\user\desktop\11111\beacon - copy\beacon\x64\debug exe\beacon.tlog\link.secondary.1.tlog
c:\users\user\desktop\11111\beacon - copy\beacon\x64\debug exe\beacon.tlog\link.write.1.tlog
